In file included from ../src/bufferutil.cc:15:0:
../node_modules/nan/nan.h: In function 'v8::Local<v8::Signature> NanNew(v8::Handle<v8::FunctionTemplate>, int, v8::Handle<v8::FunctionTemplate>*)':
../node_modules/nan/nan.h:337:64: error: no matching function for call to 'v8::Signature::New(v8::Isolate*&, v8::Handle<v8::FunctionTemplate>&, int&, v8::Handle<v8::FunctionTemplate>*&)'
../node_modules/nan/nan.h:337:64: note: candidate is:
/home/prashanth/.node-gyp/0.11.9/deps/v8/include/v8.h:3585:27: note: static v8::Local<v8::Signature> v8::Signature::New(v8::Handle<v8::FunctionTemplate>, int, v8::Handle<v8::FunctionTemplate>*)
/home/prashanth/.node-gyp/0.11.9/deps/v8/include/v8.h:3585:27: note:   candidate expects 3 arguments, 4 provided
../node_modules/nan/nan.h: In function 'v8::Local<T> NanNew() [with T = v8::Array]':
../node_modules/nan/nan.h:365:38: error: invalid conversion from 'v8::Isolate*' to 'int' [-fpermissive]
/home/prashanth/.node-gyp/0.11.9/deps/v8/include/v8.h:2335:23: error:   initializing argument 1 of 'static v8::Local<v8::Array> v8::Array::New(int)' [-fpermissive]
../node_modules/nan/nan.h: In function 'v8::Local<T> NanNew(P) [with T = v8::Array, P = int]':
../node_modules/nan/nan.h:370:46: error: no matching function for call to 'v8::Array::New(v8::Isolate*&, int&)'
../node_modules/nan/nan.h:370:46: note: candidate is:
/home/prashanth/.node-gyp/0.11.9/deps/v8/include/v8.h:2335:23: note: static v8::Local<v8::Array> v8::Array::New(int)
/home/prashanth/.node-gyp/0.11.9/deps/v8/include/v8.h:2335:23: note:   candidate expects 1 argument, 2 provided
../node_modules/nan/nan.h: In function 'v8::Local<T> NanNew(P) [with T = v8::Date, P = double]':
../node_modules/nan/nan.h:375:43: error: no matching function for call to 'v8::Date::New(v8::Isolate*&, double&)'
../node_modules/nan/nan.h:375:43: note: candidate is:
/home/prashanth/.node-gyp/0.11.9/deps/v8/include/v8.h:2866:23: note: static v8::Local<v8::Value> v8::Date::New(double)
/home/prashanth/.node-gyp/0.11.9/deps/v8/include/v8.h:2866:23: note:   candidate expects 1 argument, 2 provided
../node_modules/nan/nan.h:375:56: error: expected primary-expression before '>' token
../node_modules/nan/nan.h:375:58: error: expected primary-expression before ')' token
../node_modules/nan/nan.h: In function 'v8::Local<T> NanNew(P) [with T = v8::Date, P = int]':
../node_modules/nan/nan.h:380:43: error: no matching function for call to 'v8::Date::New(v8::Isolate*&, int&)'
../node_modules/nan/nan.h:380:43: note: candidate is:
/home/prashanth/.node-gyp/0.11.9/deps/v8/include/v8.h:2866:23: note: static v8::Local<v8::Value> v8::Date::New(double)
/home/prashanth/.node-gyp/0.11.9/deps/v8/include/v8.h:2866:23: note:   candidate expects 1 argument, 2 provided
../node_modules/nan/nan.h:380:56: error: expected primary-expression before '>' token
../node_modules/nan/nan.h:380:58: error: expected primary-expression before ')' token
../node_modules/nan/nan.h: At global scope:
../node_modules/nan/nan.h:383:11: error: 'UnboundScript' in namespace 'v8' does not name a type
../node_modules/nan/nan.h: In function 'v8::Local<T> NanNew(P, const v8::ScriptOrigin&)':
../node_modules/nan/nan.h:391:9: error: 'v8::ScriptCompiler' has not been declared
../node_modules/nan/nan.h:391:32: error: expected ';' before 'source'
../node_modules/nan/nan.h:392:16: error: 'v8::ScriptCompiler' has not been declared
../node_modules/nan/nan.h:392:61: error: 'source' was not declared in this scope
../node_modules/nan/nan.h: At global scope:
../node_modules/nan/nan.h:396:24: error: 'NanUnboundScript' was not declared in this scope
../node_modules/nan/nan.h:396:40: error: template argument 1 is invalid
../node_modules/nan/nan.h:396:49: error: 'NanUnboundScript' was not declared in this scope
../node_modules/nan/nan.h:396:42: error: template-id 'NanNew<<expression error> >' for 'int NanNew(v8::Local<v8::String>)' does not match any template declaration
../node_modules/nan/nan.h: In function 'v8::Local<v8::String> NanNew(v8::String::ExternalStringResource*)':
../node_modules/nan/nan.h:405:57: error: no matching function for call to 'v8::String::NewExternal(v8::Isolate*&, v8::String::ExternalStringResource*&)'
../node_modules/nan/nan.h:405:57: note: candidates are:
/home/prashanth/.node-gyp/0.11.9/deps/v8/include/v8.h:1791:24: note: static v8::Local<v8::String> v8::String::NewExternal(v8::String::ExternalStringResource*)
/home/prashanth/.node-gyp/0.11.9/deps/v8/include/v8.h:1791:24: note:   candidate expects 1 argument, 2 provided
/home/prashanth/.node-gyp/0.11.9/deps/v8/include/v8.h:1812:24: note: static v8::Local<v8::String> v8::String::NewExternal(v8::String::ExternalAsciiStringResource*)
/home/prashanth/.node-gyp/0.11.9/deps/v8/include/v8.h:1812:24: note:   candidate expects 1 argument, 2 provided
../node_modules/nan/nan.h: In function 'v8::Local<v8::String> NanNew(v8::String::ExternalAsciiStringResource*)':
../node_modules/nan/nan.h:410:57: error: no matching function for call to 'v8::String::NewExternal(v8::Isolate*&, v8::String::ExternalAsciiStringResource*&)'
../node_modules/nan/nan.h:410:57: note: candidates are:
/home/prashanth/.node-gyp/0.11.9/deps/v8/include/v8.h:1791:24: note: static v8::Local<v8::String> v8::String::NewExternal(v8::String::ExternalStringResource*)
/home/prashanth/.node-gyp/0.11.9/deps/v8/include/v8.h:1791:24: note:   candidate expects 1 argument, 2 provided
/home/prashanth/.node-gyp/0.11.9/deps/v8/include/v8.h:1812:24: note: static v8::Local<v8::String> v8::String::NewExternal(v8::String::ExternalAsciiStringResource*)
/home/prashanth/.node-gyp/0.11.9/deps/v8/include/v8.h:1812:24: note:   candidate expects 1 argument, 2 provided
../node_modules/nan/nan.h: In function 'v8::Local<T> NanNew(P) [with T = v8::NumberObject, P = double]':
../node_modules/nan/nan.h:434:50: error: no matching function for call to 'v8::NumberObject::New(v8::Isolate*&, double&)'
../node_modules/nan/nan.h:434:50: note: candidate is:
/home/prashanth/.node-gyp/0.11.9/deps/v8/include/v8.h:2904:23: note: static v8::Local<v8::Value> v8::NumberObject::New(double)
/home/prashanth/.node-gyp/0.11.9/deps/v8/include/v8.h:2904:23: note:   candidate expects 1 argument, 2 provided
../node_modules/nan/nan.h:434:71: error: expected primary-expression before '>' token
../node_modules/nan/nan.h:434:73: error: expected primary-expression before ')' token
../node_modules/nan/nan.h: In function 'v8::Local<T> NanNew(P) [with T = v8::Uint32, P = int]':
../node_modules/nan/nan.h:463:56: error: invalid conversion from 'v8::Isolate*' to 'uint32_t {aka unsigned int}' [-fpermissive]
/home/prashanth/.node-gyp/0.11.9/deps/v8/include/v8.h:1965:25: error:   initializing argument 1 of 'static v8::Local<v8::Integer> v8::Integer::NewFromUnsigned(uint32_t, v8::Isolate*)' [-fpermissive]
../node_modules/nan/nan.h:463:56: error: invalid conversion from 'int32_t {aka int}' to 'v8::Isolate*' [-fpermissive]
/home/prashanth/.node-gyp/0.11.9/deps/v8/include/v8.h:1965:25: error:   initializing argument 2 of 'static v8::Local<v8::Integer> v8::Integer::NewFromUnsigned(uint32_t, v8::Isolate*)' [-fpermissive]
../node_modules/nan/nan.h: In function 'v8::Local<T> NanNew(P) [with T = v8::Uint32, P = unsigned int]':
../node_modules/nan/nan.h:468:56: error: invalid conversion from 'v8::Isolate*' to 'uint32_t {aka unsigned int}' [-fpermissive]
/home/prashanth/.node-gyp/0.11.9/deps/v8/include/v8.h:1965:25: error:   initializing argument 1 of 'static v8::Local<v8::Integer> v8::Integer::NewFromUnsigned(uint32_t, v8::Isolate*)' [-fpermissive]
../node_modules/nan/nan.h:468:56: error: invalid conversion from 'uint32_t {aka unsigned int}' to 'v8::Isolate*' [-fpermissive]
/home/prashanth/.node-gyp/0.11.9/deps/v8/include/v8.h:1965:25: error:   initializing argument 2 of 'static v8::Local<v8::Integer> v8::Integer::NewFromUnsigned(uint32_t, v8::Isolate*)' [-fpermissive]
../node_modules/nan/nan.h: In function 'v8::Local<T> NanNew(P) [with T = v8::Int32, P = int]':
../node_modules/nan/nan.h:473:43: error: invalid conversion from 'v8::Isolate*' to 'int32_t {aka int}' [-fpermissive]
/home/prashanth/.node-gyp/0.11.9/deps/v8/include/v8.h:1964:25: error:   initializing argument 1 of 'static v8::Local<v8::Integer> v8::Integer::New(int32_t, v8::Isolate*)' [-fpermissive]
../node_modules/nan/nan.h:473:43: error: invalid conversion from 'int32_t {aka int}' to 'v8::Isolate*' [-fpermissive]
/home/prashanth/.node-gyp/0.11.9/deps/v8/include/v8.h:1964:25: error:   initializing argument 2 of 'static v8::Local<v8::Integer> v8::Integer::New(int32_t, v8::Isolate*)' [-fpermissive]
../node_modules/nan/nan.h: In function 'v8::Local<T> NanNew(P) [with T = v8::Int32, P = unsigned int]':
../node_modules/nan/nan.h:478:43: error: invalid conversion from 'v8::Isolate*' to 'int32_t {aka int}' [-fpermissive]
/home/prashanth/.node-gyp/0.11.9/deps/v8/include/v8.h:1964:25: error:   initializing argument 1 of 'static v8::Local<v8::Integer> v8::Integer::New(int32_t, v8::Isolate*)' [-fpermissive]
../node_modules/nan/nan.h:478:43: error: invalid conversion from 'uint32_t {aka unsigned int}' to 'v8::Isolate*' [-fpermissive]
/home/prashanth/.node-gyp/0.11.9/deps/v8/include/v8.h:1964:25: error:   initializing argument 2 of 'static v8::Local<v8::Integer> v8::Integer::New(int32_t, v8::Isolate*)' [-fpermissive]
../node_modules/nan/nan.h: In function 'v8::Local<v8::Object> NanNewBufferHandle(char*, size_t, node::smalloc::FreeCallback, void*)':
../node_modules/nan/nan.h:770:71: error: no matching function for call to 'New(v8::Isolate*&, char*&, size_t&, void (*&)(char*, void*), void*&)'
../node_modules/nan/nan.h:770:71: note: candidates are:
/home/prashanth/.node-gyp/0.11.9/src/node_buffer.h:46:35: note: v8::Local<v8::Object> node::Buffer::New(size_t)
/home/prashanth/.node-gyp/0.11.9/src/node_buffer.h:46:35: note:   candidate expects 1 argument, 5 provided
/home/prashanth/.node-gyp/0.11.9/src/node_buffer.h:48:35: note: v8::Local<v8::Object> node::Buffer::New(v8::Handle<v8::String>, node::encoding)
/home/prashanth/.node-gyp/0.11.9/src/node_buffer.h:48:35: note:   candidate expects 2 arguments, 5 provided
/home/prashanth/.node-gyp/0.11.9/src/node_buffer.h:52:35: note: v8::Local<v8::Object> node::Buffer::New(const char*, size_t)
/home/prashanth/.node-gyp/0.11.9/src/node_buffer.h:52:35: note:   candidate expects 2 arguments, 5 provided
/home/prashanth/.node-gyp/0.11.9/src/node_buffer.h:54:35: note: v8::Local<v8::Object> node::Buffer::New(char*, size_t, node::smalloc::FreeCallback, void*)
/home/prashanth/.node-gyp/0.11.9/src/node_buffer.h:54:35: note:   candidate expects 4 arguments, 5 provided
../node_modules/nan/nan.h: In function 'v8::Local<v8::Object> NanNewBufferHandle(const char*, uint32_t)':
../node_modules/nan/nan.h:777:53: error: no matching function for call to 'New(v8::Isolate*&, const char*&, uint32_t&)'
../node_modules/nan/nan.h:777:53: note: candidates are:
/home/prashanth/.node-gyp/0.11.9/src/node_buffer.h:46:35: note: v8::Local<v8::Object> node::Buffer::New(size_t)
/home/prashanth/.node-gyp/0.11.9/src/node_buffer.h:46:35: note:   candidate expects 1 argument, 3 provided
/home/prashanth/.node-gyp/0.11.9/src/node_buffer.h:48:35: note: v8::Local<v8::Object> node::Buffer::New(v8::Handle<v8::String>, node::encoding)
/home/prashanth/.node-gyp/0.11.9/src/node_buffer.h:48:35: note:   candidate expects 2 arguments, 3 provided
/home/prashanth/.node-gyp/0.11.9/src/node_buffer.h:52:35: note: v8::Local<v8::Object> node::Buffer::New(const char*, size_t)
/home/prashanth/.node-gyp/0.11.9/src/node_buffer.h:52:35: note:   candidate expects 2 arguments, 3 provided
/home/prashanth/.node-gyp/0.11.9/src/node_buffer.h:54:35: note: v8::Local<v8::Object> node::Buffer::New(char*, size_t, node::smalloc::FreeCallback, void*)
/home/prashanth/.node-gyp/0.11.9/src/node_buffer.h:54:35: note:   candidate expects 4 arguments, 3 provided
../node_modules/nan/nan.h: In function 'v8::Local<v8::Object> NanNewBufferHandle(uint32_t)':
../node_modules/nan/nan.h:781:47: error: no matching function for call to 'New(v8::Isolate*&, uint32_t&)'
../node_modules/nan/nan.h:781:47: note: candidates are:
/home/prashanth/.node-gyp/0.11.9/src/node_buffer.h:46:35: note: v8::Local<v8::Object> node::Buffer::New(size_t)
/home/prashanth/.node-gyp/0.11.9/src/node_buffer.h:46:35: note:   candidate expects 1 argument, 2 provided
/home/prashanth/.node-gyp/0.11.9/src/node_buffer.h:48:35: note: v8::Local<v8::Object> node::Buffer::New(v8::Handle<v8::String>, node::encoding)
/home/prashanth/.node-gyp/0.11.9/src/node_buffer.h:48:35: note:   no known conversion for argument 1 from 'v8::Isolate*' to 'v8::Handle<v8::String>'
/home/prashanth/.node-gyp/0.11.9/src/node_buffer.h:52:35: note: v8::Local<v8::Object> node::Buffer::New(const char*, size_t)
/home/prashanth/.node-gyp/0.11.9/src/node_buffer.h:52:35: note:   no known conversion for argument 1 from 'v8::Isolate*' to 'const char*'
/home/prashanth/.node-gyp/0.11.9/src/node_buffer.h:54:35: note: v8::Local<v8::Object> node::Buffer::New(char*, size_t, node::smalloc::FreeCallback, void*)
/home/prashanth/.node-gyp/0.11.9/src/node_buffer.h:54:35: note:   candidate expects 4 arguments, 2 provided
../node_modules/nan/nan.h: In function 'v8::Local<v8::Object> NanBufferUse(char*, uint32_t)':
../node_modules/nan/nan.h:788:53: error: cannot convert 'v8::Isolate*' to 'char*' for argument '1' to 'v8::Local<v8::Object> node::Buffer::Use(char*, uint32_t)'
../node_modules/nan/nan.h: In function 'v8::Local<v8::Script> NanCompileScript(v8::Local<v8::String>, const v8::ScriptOrigin&)':
../node_modules/nan/nan.h:813:9: error: 'v8::ScriptCompiler' has not been declared
../node_modules/nan/nan.h:813:32: error: expected ';' before 'source'
../node_modules/nan/nan.h:814:16: error: 'v8::ScriptCompiler' has not been declared
../node_modules/nan/nan.h:814:54: error: 'source' was not declared in this scope
../node_modules/nan/nan.h: In function 'v8::Local<v8::Script> NanCompileScript(v8::Local<v8::String>)':
../node_modules/nan/nan.h:820:9: error: 'v8::ScriptCompiler' has not been declared
../node_modules/nan/nan.h:820:32: error: expected ';' before 'source'
../node_modules/nan/nan.h:821:16: error: 'v8::ScriptCompiler' has not been declared
../node_modules/nan/nan.h:821:54: error: 'source' was not declared in this scope
../node_modules/nan/nan.h: At global scope:
../node_modules/nan/nan.h:825:17: error: 'NanUnboundScript' was not declared in this scope
../node_modules/nan/nan.h:825:33: error: template argument 1 is invalid
../node_modules/nan/nan.h: In function 'v8::Local<v8::Value> NanRunScript(int)':
../node_modules/nan/nan.h:827:18: error: base operand of '->' is not a pointer
../node_modules/nan/nan.h: In member function 'void NanCallback::Call(int, v8::Handle<v8::Value>*)':
../node_modules/nan/nan.h:1476:5: error: no matching function for call to 'MakeCallback(v8::Isolate*&, v8::Local<v8::Object>, v8::Local<v8::Function>&, int&, v8::Handle<v8::Value>*&)'
../node_modules/nan/nan.h:1476:5: note: candidates are:
/home/prashanth/.node-gyp/0.11.9/src/node.h:88:35: note: v8::Handle<v8::Value> node::MakeCallback(v8::Handle<v8::Object>, const char*, int, v8::Handle<v8::Value>*)
/home/prashanth/.node-gyp/0.11.9/src/node.h:88:35: note:   candidate expects 4 arguments, 5 provided
/home/prashanth/.node-gyp/0.11.9/src/node.h:93:35: note: v8::Handle<v8::Value> node::MakeCallback(v8::Handle<v8::Object>, v8::Handle<v8::String>, int, v8::Handle<v8::Value>*)
/home/prashanth/.node-gyp/0.11.9/src/node.h:93:35: note:   candidate expects 4 arguments, 5 provided
/home/prashanth/.node-gyp/0.11.9/src/node.h:98:35: note: v8::Handle<v8::Value> node::MakeCallback(v8::Handle<v8::Object>, v8::Handle<v8::Function>, int, v8::Handle<v8::Value>*)
/home/prashanth/.node-gyp/0.11.9/src/node.h:98:35: note:   candidate expects 4 arguments, 5 provided
../node_modules/nan/nan.h: In function 'v8::Local<T> NanNew(P) [with T = v8::Integer, P = int]':
../node_modules/nan/nan.h:731:64:   instantiated from here
../node_modules/nan/nan.h:329:36: error: invalid conversion from 'v8::Isolate*' to 'int32_t {aka int}' [-fpermissive]
/home/prashanth/.node-gyp/0.11.9/deps/v8/include/v8.h:1964:25: error:   initializing argument 1 of 'static v8::Local<v8::Integer> v8::Integer::New(int32_t, v8::Isolate*)' [-fpermissive]
../node_modules/nan/nan.h:329:36: error: invalid conversion from 'int' to 'v8::Isolate*' [-fpermissive]
/home/prashanth/.node-gyp/0.11.9/deps/v8/include/v8.h:1964:25: error:   initializing argument 2 of 'static v8::Local<v8::Integer> v8::Integer::New(int32_t, v8::Isolate*)' [-fpermissive]
../node_modules/nan/nan.h: In function 'v8::Local<T> NanNew() [with T = v8::Object]':
../node_modules/nan/nan.h:1439:52:   instantiated from here
../node_modules/nan/nan.h:324:30: error: no matching function for call to 'v8::Object::New(v8::Isolate*&)'
../node_modules/nan/nan.h:324:30: note: candidate is:
/home/prashanth/.node-gyp/0.11.9/deps/v8/include/v8.h:2307:24: note: static v8::Local<v8::Object> v8::Object::New()
/home/prashanth/.node-gyp/0.11.9/deps/v8/include/v8.h:2307:24: note:   candidate expects 0 arguments, 1 provided
../node_modules/nan/nan.h: In function 'v8::Local<v8::FunctionTemplate> NanNew(NanFunctionCallback, v8::Handle<v8::Value>, v8::Handle<v8::Signature>) [with T = v8::FunctionTemplate, NanFunctionCallback = void (*)(const v8::FunctionCallbackInfo<v8::Value>&)]':
../src/bufferutil.cc:27:61:   instantiated from here
../node_modules/nan/nan.h:345:57: error: no matching function for call to 'v8::FunctionTemplate::New(v8::Isolate*&, void (*&)(const v8::FunctionCallbackInfo<v8::Value>&), v8::Handle<v8::Value>&, v8::Handle<v8::Signature>&)'
../node_modules/nan/nan.h:345:57: note: candidate is:
/home/prashanth/.node-gyp/0.11.9/deps/v8/include/v8.h:3346:34: note: static v8::Local<v8::FunctionTemplate> v8::FunctionTemplate::New(v8::FunctionCallback, v8::Handle<v8::Value>, v8::Handle<v8::Signature>, int)
/home/prashanth/.node-gyp/0.11.9/deps/v8/include/v8.h:3346:34: note:   no known conversion for argument 1 from 'v8::Isolate*' to 'v8::FunctionCallback {aka void (*)(const v8::FunctionCallbackInfo<v8::Value>&)}'
../node_modules/nan/nan.h:346:3: warning: control reaches end of non-void function [-Wreturn-type]
make: *** [Release/obj.target/bufferutil/src/bufferutil.o] Error 1
gyp ERR! build error 
gyp ERR! stack Error: `make` failed with exit code: 2
gyp ERR! stack     at ChildProcess.onExit (/usr/local/lib/node_modules/npm/node_modules/node-gyp/lib/build.js:267:23)
gyp ERR! stack     at ChildProcess.EventEmitter.emit (events.js:101:17)
gyp ERR! stack     at Process.ChildProcess._handle.onexit (child_process.js:827:12)
gyp ERR! System Linux 3.10.18
gyp ERR! command "node" "/usr/local/lib/node_modules/npm/node_modules/node-gyp/bin/node-gyp.js" "rebuild"
gyp ERR! cwd /home/prashanth/Desktop/node-cljs/proj/node_modules/ws
gyp ERR! node -v v0.11.9
gyp ERR! node-gyp -v v0.12.1
gyp ERR! not ok 
